 PATH path869 FOUND 
Scale factor = 1.000000
 0) 82.32,77.99
    164.64,78.31
    164.65,78.30
    164.95,78.37
    165.14,78.57
    165.25,78.93
    165.28,79.47
    165.25,80.01
    165.14,80.37
    164.95,80.57
    164.65,80.64
    164.64,80.64
    164.63,80.96
    164.64,80.96
    165.11,80.87
    165.28,80.76
    165.41,80.61
    165.58,80.14
    165.63,79.47
    165.58,78.80
    165.41,78.34
    165.28,78.18
    165.11,78.07
    164.64,77.98
 PATH path867 FOUND 
Scale factor = 1.000000
 1) 82.32,77.99
    81.87,78.07
    81.69,78.18
    81.56,78.33
    81.40,78.80
    81.35,79.47
    81.40,80.14
    81.56,80.61
    81.69,80.76
    81.87,80.87
    82.32,80.95
    82.78,80.64
    82.49,80.57
    82.29,80.37
    82.19,80.01
    82.16,79.47
    82.19,78.93
    82.29,78.57
    82.49,78.37
    82.78,78.31
 PATH path865 FOUND 
Scale factor = 1.000000
 2) 80.66,80.41
    80.55,160.83
    80.44,160.85
    80.41,160.96
    80.38,161.18
    80.41,161.29
    80.52,161.32
    80.63,161.34
    80.74,161.32
    80.76,161.21
    80.79,160.99
    80.76,160.88
    80.66,160.85
 PATH path863 FOUND 
Scale factor = 1.000000
 3) 79.66,78.04
    79.30,156.08
    78.57,156.37
    78.62,156.64
    79.32,156.42
    79.30,156.67
    79.28,158.94
    79.64,161.21
 PATH path903 FOUND 
Scale factor = 0.264583
 4) 276.16,293.65
    146.13,78.28
    146.21,78.86
ERROR
    146.52,78.86
    146.90,78.93
    147.28,79.29
    147.28,79.57
    147.20,79.92
    146.82,80.27
    146.74,80.63
    146.66,81.21
    146.72,81.80
ERROR
    146.88,81.80
    147.12,81.85
    147.39,82.07
    147.60,82.96
    148.44,83.85
    148.20,82.94
ERROR
    148.13,82.60
    147.84,82.17
    147.39,81.72
    146.93,81.70
ERROR
    147.37,81.65
    147.95,81.32
    148.53,80.60
    148.53,79.92
    148.18,79.03
    147.01,78.15
    146.96,78.15
    146.91,78.15
    146.82,78.15
 PATH path1592 FOUND 
Scale factor = 0.264583
 5) 276.16,293.65
ERROR
    72.59,77.70
    71.85,77.70
    70.75,77.74
    69.65,80.68
    70.44,83.63
    71.23,82.52
    71.54,81.41
    71.85,80.82
    71.54,80.24
    71.23,79.53
    71.54,78.82
 PATH path901 FOUND 
Scale factor = 1.000000
 6) 70.43,80.07
ERROR
    70.31,80.07
    70.12,80.01
    69.94,79.82
    69.76,79.37
    70.89,78.93
    72.02,78.38
    70.89,77.82
    69.76,77.47
ERROR
    69.76,77.35
    69.82,77.16
    70.00,76.98
    71.11,76.80
    71.15,76.22
ERROR
    70.73,76.17
    69.76,76.13
    68.30,76.08
    67.90,76.08
    67.23,76.33
    66.56,76.96
    65.89,78.67
ERROR
    65.89,79.05
    66.16,79.68
    66.83,80.31
    67.32,80.31
    68.36,80.31
    69.82,80.27
    69.78,79.69
 PATH path899 FOUND 
Scale factor = 0.264583
 7) 255.95,293.64
ERROR
    67.24,77.69
    66.39,77.71
    65.18,77.76
    63.98,80.70
ERROR
    64.33,80.73
    65.07,80.77
    66.28,80.81
    67.48,80.21
    67.48,80.21
ERROR
    67.34,80.21
    67.06,80.21
    66.65,80.21
    66.25,78.38
    66.65,76.55
    67.06,75.99
ERROR
    67.06,75.97
    67.07,75.94
    67.10,75.91
    67.09,75.91
    67.07,75.91
    67.04,75.90
 PATH path1587 FOUND 
Scale factor = 0.264583
 8) 256.07,293.65
ERROR
    67.73,77.70
    67.70,77.71
    67.67,77.74
    67.64,78.31
ERROR
    68.01,78.31
    68.48,78.50
    68.96,79.42
    68.96,80.14
    68.85,81.06
    68.38,81.97
    67.91,82.57
ERROR
    68.88,82.57
    70.20,82.24
    71.52,80.72
    71.52,79.56
    71.18,78.05
    69.89,76.54
 PATH path897 FOUND 
Scale factor = 1.000000
 9) 66.00,77.73
    65.26,155.47
    65.26,156.90
ERROR
    65.26,157.07
    65.28,157.41
    65.31,157.93
    65.27,158.44
ERROR
    65.20,158.27
    65.06,157.91
    64.84,157.42
    64.16,156.20
ERROR
    64.08,156.05
    63.93,155.82
    63.62,155.58
    63.24,155.35
ERROR
    63.06,155.35
    62.78,155.44
    62.50,155.73
    62.21,158.39
    62.96,161.05
    63.71,159.58
ERROR
    63.71,159.41
    63.70,159.08
    63.66,158.57
    63.70,158.07
ERROR
    63.74,158.23
    63.86,158.58
    64.05,159.06
    64.75,160.32
ERROR
    64.84,160.48
    64.98,160.71
    65.29,160.95
    65.67,161.18
ERROR
    65.86,161.18
    66.13,161.08
    66.41,160.80
 PATH path895 FOUND 
Scale factor = 1.000000
10) 62.87,77.73
    62.08,155.47
    61.29,158.41
    62.08,161.36
 PATH path893 FOUND 
Scale factor = 1.000000
11) 61.73,77.73
    60.93,155.47
    60.72,157.39
ERROR
    60.70,157.53
    60.68,157.84
    60.65,158.30
    60.57,158.75
ERROR
    60.56,158.61
    60.51,158.30
    60.45,157.83
    60.20,156.16
ERROR
    60.18,156.02
    60.05,155.78
    59.78,155.54
    59.16,155.30
ERROR
    59.01,155.30
    58.75,155.40
    58.48,155.64
    58.23,157.31
    58.16,157.77
    58.08,158.24
ERROR
    58.08,158.06
    58.07,157.74
    58.04,157.28
    57.83,155.36
    57.03,153.45
    57.44,156.18
ERROR
    57.46,156.31
    57.60,156.53
    57.88,156.75
    58.60,156.96
ERROR
    58.74,156.96
    59.00,156.88
    59.27,156.66
    59.53,154.90
ERROR
    59.54,154.77
    59.57,154.50
    59.62,154.09
    59.69,153.68
ERROR
    59.70,153.81
    59.72,154.09
    59.76,154.49
    60.02,156.26
ERROR
    60.04,156.39
    60.18,156.61
    60.45,156.82
    61.17,157.04
ERROR
    61.31,157.04
    61.56,156.96
    61.84,156.74
 PATH path890 FOUND 
Scale factor = 0.264583
12) 309.55,278.13
    163.80,73.91
ERROR
    163.84,73.91
    163.90,73.91
    164.01,73.91
    164.44,73.91
    165.02,74.02
    165.60,74.57
    165.60,75.00
    165.46,75.56
    164.88,76.12
    164.78,76.68
    164.67,77.00
ERROR
    164.72,77.00
    164.78,77.00
    164.90,77.00
    165.10,77.00
    165.41,77.09
    165.80,77.40
    166.06,78.32
    166.47,79.24
    166.18,78.31
ERROR
    166.12,78.06
    165.90,77.68
    165.54,77.25
    165.17,77.23
ERROR
    165.56,77.18
    166.10,76.90
    166.65,76.14
    166.65,75.48
    166.38,74.63
    165.42,73.78
    165.37,73.78
    165.31,73.78
    165.20,73.79
 PATH path1561 FOUND 
Scale factor = 0.264583
13) 309.55,278.13
ERROR
    81.53,73.59
    80.90,73.59
    80.00,73.63
    79.09,76.57
    79.46,79.52
    79.84,78.28
ERROR
    79.97,78.28
    80.30,78.29
    80.83,78.29
    81.36,77.97
    80.83,77.64
    80.30,76.54
ERROR
    80.44,76.54
    80.77,76.54
    81.30,76.53
 PATH path888 FOUND 
Scale factor = 0.264583
14) 299.34,278.05
    158.40,73.90
ERROR
    158.98,73.90
    159.75,74.20
    160.52,75.39
    160.52,76.29
    160.33,77.48
    159.56,78.67
    158.79,79.00
ERROR
    159.65,79.00
    160.81,78.63
    161.97,77.10
    161.97,75.95
    161.67,74.42
    160.51,72.89
 PATH path1556 FOUND 
Scale factor = 0.264583
15) 299.34,278.05
ERROR
    79.20,73.57
    79.20,73.57
    79.20,73.57
    78.34,73.57
    77.17,73.94
    76.01,75.47
    76.01,76.62
    76.32,78.15
    77.48,79.68
    77.48,79.68
    77.48,79.68
    77.49,79.68
    77.49,79.34
ERROR
    77.49,79.34
    77.49,79.34
    77.48,79.34
    76.90,79.34
    76.13,79.05
    75.37,77.86
    75.37,76.96
    75.55,75.77
    76.32,74.58
    76.32,74.58
    76.32,74.58
    76.33,74.58
 PATH path886 FOUND 
Scale factor = 1.000000
16) 77.73,73.62
    75.46,147.24
    73.18,147.58
    74.13,147.91
    75.08,150.52
    75.45,153.13
    75.83,150.52
    76.78,147.91
 PATH path884 FOUND 
Scale factor = 0.264583
17) 275.93,289.29
ERROR
    73.01,76.55
    73.02,76.58
    73.05,76.61
    73.40,76.63
    73.69,75.71
    74.34,74.79
    74.98,74.47
    74.44,74.14
    74.81,72.97
ERROR
    74.84,72.89
    74.89,72.73
    74.96,72.49
    75.06,72.25
    75.15,71.96
    74.92,71.67
ERROR
    74.85,71.67
    74.73,71.71
    74.59,71.81
 PATH path1580 FOUND 
Scale factor = 0.264583
18) 275.93,289.29
    73.00,76.57
    73.03,76.59
ERROR
    73.02,76.59
    73.00,76.58
    72.97,76.55
 PATH path1582 FOUND 
Scale factor = 0.264583
19) 280.89,278.26
    148.64,73.91
    148.66,74.20
ERROR
    148.68,74.28
    148.73,74.44
    148.80,74.68
    149.17,75.85
    148.71,77.02
    148.24,77.34
    148.81,77.67
    149.10,78.59
    149.49,79.51
    148.54,76.67
ERROR
    148.52,76.61
    148.45,76.50
    148.31,76.40
 PATH path881 FOUND 
Scale factor = 0.264583
20) 270.71,289.50
    143.25,76.28
ERROR
    143.04,76.28
    142.61,76.28
    142.04,76.28
    141.46,75.18
    142.04,74.09
    142.61,73.81
    142.04,73.52
    141.46,72.53
    142.04,71.54
ERROR
    142.04,71.54
    142.04,71.54
    142.04,71.54
    142.05,71.22
ERROR
    141.62,71.22
    140.97,71.22
    140.03,71.26
    139.08,74.20
ERROR
    139.37,74.23
    139.93,74.26
    140.88,74.29
 PATH path1568 FOUND 
Scale factor = 0.264583
21) 270.71,289.50
ERROR
    71.69,76.60
    71.76,76.60
    71.91,76.61
    72.59,76.61
    73.52,76.44
    74.46,75.68
    74.46,75.21
    74.31,74.46
    73.72,73.67
    73.14,73.66
ERROR
    73.49,73.62
    73.99,73.37
    74.49,72.70
    74.49,72.09
    74.23,71.32
    73.25,70.55
    73.24,70.55
    73.23,70.55
    73.22,70.55
    73.21,70.88
ERROR
    73.68,70.88
    74.31,70.97
    74.94,71.46
    74.94,71.85
    74.79,72.35
    74.21,72.85
    74.16,73.35
    74.10,73.63
    74.16,73.92
ERROR
    74.64,73.93
    75.29,74.06
    75.93,74.64
    75.93,75.06
    75.78,75.57
    75.16,76.08
    74.54,76.08
ERROR
    74.51,76.08
    74.46,76.08
    74.37,76.08
 PATH path879 FOUND 
Scale factor = 0.264583
22) 260.63,278.13
    137.91,73.91
ERROR
    137.95,73.91
    138.01,73.91
    138.11,73.91
    138.55,73.91
    139.13,74.02
    139.71,74.57
    139.71,75.00
    139.56,75.56
    138.98,76.12
    68.96,0.56
    137.91,0.88
ERROR
    137.96,0.88
    138.02,0.88
    138.14,0.88
    138.33,0.88
    138.65,0.97
    139.04,1.28
    139.30,2.20
    139.70,3.12
    139.42,2.19
ERROR
    139.35,1.94
    139.13,1.56
    138.77,1.14
    138.41,1.11
ERROR
    138.80,1.06
    139.34,0.78
    139.88,0.02
    139.88,-0.64
    139.61,-1.49
    138.66,-2.34
    138.61,-2.34
    138.55,-2.33
    138.44,-2.33
 PATH path1573 FOUND 
Scale factor = 0.264583
23) 260.63,278.13
ERROR
    68.58,73.59
    67.96,73.59
    67.05,73.63
    66.14,76.57
    66.51,79.52
    66.89,78.28
ERROR
    67.02,78.28
    67.35,78.29
    67.88,78.29
    68.42,77.97
    67.88,77.64
    67.35,76.54
ERROR
    67.49,76.54
    67.82,76.54
    68.36,76.53
 PATH path877 FOUND 
Scale factor = 1.000000
24) 67.33,73.62
    66.95,147.24
    66.58,149.06
ERROR
    66.58,149.69
    66.39,150.54
    65.70,151.38
    65.18,151.38
    64.49,151.17
    63.79,150.33
    63.09,148.51
    62.72,146.69
    62.34,148.51
ERROR
    62.34,149.36
    62.63,150.54
    63.72,151.73
    64.49,151.73
    65.55,151.40
    66.60,150.21
 PATH path875 FOUND 
Scale factor = 1.000000
25) 64.74,73.62
    62.46,147.24
    60.19,147.58
    61.13,147.91
    62.08,150.52
    62.46,153.13
    62.83,150.52
    63.79,147.91
 PATH path873 FOUND 
Scale factor = 1.000000
26) 61.84,76.57
    62.25,153.13
    61.42,151.61
    62.20,150.19
    61.79,148.77
    61.12,150.04
    60.99,151.31
    60.32,150.04
    59.91,148.77
    60.68,150.19
    59.86,151.71
    60.27,153.24
    61.00,151.85
    61.11,150.47
 PATH path871 FOUND 
Scale factor = 1.000000
27) 58.33,76.26
ERROR
    58.16,76.26
    57.90,76.17
    57.65,75.88
    57.39,75.08
    58.66,74.27
    59.94,73.97
    58.66,73.66
    57.39,73.02
ERROR
    57.39,72.83
    57.47,72.55
    57.73,72.26
    58.91,71.98
    58.93,71.69
ERROR
    58.54,71.66
    57.69,71.64
    56.43,71.61
    56.09,71.61
    55.52,71.81
    54.95,72.32
    54.39,74.25
ERROR
    54.39,74.57
    54.61,75.08
    55.18,75.59
    55.60,75.59
    56.47,75.59
    57.74,75.56
    57.72,75.27

Object origin:
56.129351 81.849275

Eagle Command:
set wire_bend 2;
change layer tNames;
set width 0.000500;
poly (R -28.195071 1.525004) (R 54.125780 1.205164) (R 54.133780 1.207164) (R 54.433760 1.144064) (R 54.628130 0.941374) (R 54.733130 0.580174) (R 54.764730 0.040614) (R 54.733130 -0.498746) (R 54.628130 -0.860146) (R 54.433760 -1.062636) (R 54.133780 -1.125836) (R 54.125780 -1.124836) (R 54.117780 -1.444686) (R 54.125780 -1.445686) (R 54.591760 -1.360586) (R 54.763040 -1.251136) (R 54.896810 -1.094866) (R 55.063220 -0.633126) (R 55.113620 0.040414) (R 55.063220 0.713964) (R 54.896810 1.175884) (R 54.763040 1.332164) (R 54.591760 1.441414) (R 54.125780 1.526514) (R -28.195071 1.525004);
poly (R -28.195071 1.525004) (R -28.650511 1.441504) (R -28.820981 1.332254) (R -28.954351 1.175974) (R -29.120141 0.714054) (R -29.170541 0.040504) (R -29.120141 -0.633036) (R -28.954351 -1.094766) (R -28.820981 -1.251046) (R -28.650511 -1.360496) (R -28.195071 -1.443996) (R -27.739631 -1.124146) (R -28.030691 -1.062746) (R -28.223851 -0.860256) (R -28.327431 -0.498866) (R -28.358331 0.040504) (R -28.327431 0.580064) (R -28.223851 0.941264) (R -28.030691 1.143944) (R -27.739631 1.205144) (R -28.195071 1.525004);
poly (R -29.853551 -0.901746) (R -29.969781 -81.314395) (R -30.072001 -81.343495) (R -30.102601 -81.447275) (R -30.133201 -81.671435) (R -30.102601 -81.775205) (R -30.000381 -81.804305) (R -29.884151 -81.833405) (R -29.780381 -81.804305) (R -29.751381 -81.700545) (R -29.722381 -81.476385) (R -29.751381 -81.372605) (R -29.855151 -81.343505) (R -29.853551 -0.901746);
poly (R -30.851641 1.472694) (R -31.216931 -76.565515) (R -31.947531 -76.860245) (R -31.897731 -77.130065) (R -31.196181 -76.910055) (R -31.216881 -77.159125) (R -31.237581 -79.429785) (R -30.872281 -81.700445) (R -30.851641 1.472694);
poly (R -37.448547 1.814871) (R 35.618827 1.234028) (R 35.696858 0.653186) (R 35.999917 0.653186) (R 36.384389 0.580365) (R 36.768860 0.225865) (R 36.768860 -0.055855) (R 36.687448 -0.409839) (R 36.302976 -0.763822) (R 36.224946 -1.117805) (R 36.146915 -1.702783) (R 36.203758 -2.287761) (R 36.365958 -2.287761) (R 36.600770 -2.338693) (R 36.878273 -2.560385) (R 37.087561 -3.448703) (R 37.928338 -4.337020) (R 37.684943 -3.427515) (R 37.616641 -3.090306) (R 37.321884 -2.663747) (R 36.869198 -2.211580) (R 36.416512 -2.185730) (R 36.856162 -2.138830) (R 37.437004 -1.806103) (R 38.017847 -1.093485) (R 38.017847 -0.410537) (R 37.667568 0.477264) (R 36.493479 1.365066) (R 36.448820 1.365066) (R 36.394745 1.361520) (R 36.299661 1.357896) (R -37.448547 1.814871);
poly (R -37.448547 1.814871) (R -37.920995 1.814077) (R -38.670906 1.810928) (R -39.766448 1.772172) (R -40.861990 -1.173384) (R -40.072373 -4.118940) (R -39.282755 -3.008931) (R -38.976831 -1.898922) (R -38.670906 -1.313944) (R -38.976831 -0.728966) (R -39.282755 -0.020483) (R -38.976831 0.688000) (R -37.448547 1.814871);
poly (R -40.088961 -0.558796) (R -40.208481 -0.558796) (R -40.392031 -0.494796) (R -40.575581 -0.311256) (R -40.759131 0.136934) (R -39.627991 0.585124) (R -38.496851 1.135754) (R -39.627991 1.686384) (R -40.759131 2.044934) (R -40.759131 2.164454) (R -40.695131 2.348004) (R -40.511581 2.531554) (R -39.406051 2.715104) (R -39.367651 3.291344) (R -39.785951 3.338244) (R -40.759151 3.385144) (R -42.218961 3.432044) (R -42.615921 3.432044) (R -43.286071 3.180204) (R -43.956221 2.548474) (R -44.626371 0.841094) (R -44.626371 0.461194) (R -44.357451 -0.170536) (R -43.687301 -0.802266) (R -43.200691 -0.802266) (R -42.159181 -0.802266) (R -40.699371 -0.755366) (R -40.737771 -0.179126) (R -40.088961 -0.558796);
poly (R -42.797060 1.818490) (R -43.275130 1.818490) (R -44.124257 1.797509) (R -45.331935 1.755133) (R -46.539612 -1.190423) (R -46.185332 -1.216035) (R -45.447184 -1.258410) (R -44.239507 -1.300786) (R -43.031830 -0.699272) (R -43.032359 -0.699272) (R -43.177488 -0.699272) (R -43.458851 -0.699536) (R -43.863995 -0.695911) (R -44.269138 1.131367) (R -43.863995 2.958646) (R -43.458851 3.520885) (R -43.458851 3.538507) (R -43.443611 3.567243) (R -43.411570 3.598766) (R -43.424006 3.598879) (R -43.443426 3.602504) (R -43.475467 3.606129) (R -42.797060 1.818490);
poly (R -42.765019 1.814871) (R -42.781820 1.812093) (R -42.813861 1.798202) (R -42.845902 1.766679) (R -42.877943 1.204440) (R -42.506582 1.204440) (R -42.032707 1.012307) (R -41.558833 0.094534) (R -41.558833 -0.631104) (R -41.661346 -1.544742) (R -42.135220 -2.458380) (R -42.609094 -3.059895) (R -41.635883 -3.059895) (R -40.316583 -2.727102) (R -38.997283 -1.211949) (R -38.997283 -0.044936) (R -39.339995 1.457985) (R -40.627254 2.969520) (R -42.765019 1.814871);
poly (R -44.514821 1.776054) (R -45.257531 -75.958795) (R -45.253531 -77.384465) (R -45.253531 -77.559475) (R -45.240731 -77.900955) (R -45.210831 -78.417435) (R -45.244931 -78.933915) (R -45.313231 -78.754645) (R -45.458361 -78.400365) (R -45.680321 -77.909495) (R -46.354741 -76.692985) (R -46.440141 -76.539315) (R -46.585261 -76.304545) (R -46.896851 -76.069775) (R -47.272481 -75.835005) (R -47.456021 -75.835005) (R -47.737741 -75.933205) (R -48.019461 -76.214925) (R -48.301181 -78.878445) (R -47.554201 -81.541965) (R -46.807221 -80.065075) (R -46.807221 -79.902875) (R -46.820021 -79.565675) (R -46.854121 -79.062005) (R -46.820021 -78.558335) (R -46.773021 -78.720535) (R -46.653501 -79.066275) (R -46.461421 -79.548605) (R -45.761391 -80.812065) (R -45.680291 -80.965735) (R -45.535161 -81.200505) (R -45.223561 -81.435275) (R -44.843671 -81.670045) (R -44.660121 -81.670045) (R -44.382671 -81.571845) (R -44.105221 -81.290125) (R -44.514821 1.776054);
poly (R -47.641861 1.776054) (R -48.435801 -75.958795) (R -49.229741 -78.904035) (R -48.435801 -81.849275) (R -47.641861 1.776054);
poly (R -48.787011 1.776054) (R -49.589481 -75.958795) (R -49.798631 -77.879605) (R -49.811431 -78.020465) (R -49.837031 -78.327795) (R -49.866931 -78.784515) (R -49.943731 -79.241235) (R -49.960831 -79.096115) (R -50.003531 -78.784525) (R -50.067531 -78.323535) (R -50.319371 -76.646035) (R -50.336471 -76.505175) (R -50.464531 -76.266135) (R -50.737711 -76.027095) (R -51.352371 -75.788055) (R -51.501771 -75.788055) (R -51.762151 -75.886255) (R -52.039601 -76.125295) (R -52.287171 -77.798525) (R -52.355471 -78.263785) (R -52.432271 -78.729045) (R -52.436271 -78.554045) (R -52.449071 -78.229645) (R -52.474671 -77.764385) (R -52.688091 -75.852115) (R -53.486291 -73.939845) (R -53.076521 -76.667395) (R -53.055221 -76.799715) (R -52.914361 -77.017405) (R -52.636911 -77.235095) (R -51.919811 -77.452785) (R -51.778951 -77.452785) (R -51.518581 -77.367385) (R -51.241131 -77.149695) (R -50.989291 -75.391085) (R -50.972191 -75.258765) (R -50.942291 -74.985585) (R -50.899591 -74.575815) (R -50.822791 -74.166045) (R -50.813791 -74.302635) (R -50.792491 -74.575815) (R -50.754091 -74.981325) (R -50.497981 -76.744195) (R -50.480881 -76.876515) (R -50.340021 -77.094205) (R -50.062571 -77.311895) (R -49.349741 -77.529585) (R -49.208881 -77.529585) (R -48.952771 -77.444185) (R -48.675321 -77.226495) (R -48.787011 1.776054);
poly (R -28.613430 5.923149) (R 53.289062 5.602238) (R 53.327546 5.602410) (R 53.389048 5.602939) (R 53.490852 5.603468) (R 53.926232 5.603468) (R 54.506558 5.488359) (R 55.086885 4.942140) (R 55.086885 4.506760) (R 54.941938 3.951889) (R 54.361612 3.392750) (R 54.259808 2.833612) (R 54.158004 2.510116) (R 54.202602 2.509910) (R 54.269039 2.509381) (R 54.383763 2.508852) (R 54.580112 2.508852) (R 54.896022 2.423306) (R 55.288762 2.115832) (R 55.548694 1.193923) (R 55.950220 0.272014) (R 55.663933 1.202191) (R 55.599933 1.449759) (R 55.382284 1.834061) (R 55.019517 2.256772) (R 54.656749 2.277966) (R 55.045178 2.329165) (R 55.587265 2.610740) (R 56.129351 3.370382) (R 56.129351 4.031994) (R 55.860431 4.881555) (R 54.908550 5.731117) (R 54.857218 5.731117) (R 54.793012 5.727121) (R 54.682940 5.722994) (R -28.613430 5.923149);
poly (R -28.613430 5.923149) (R -28.990895 5.922090) (R -29.611327 5.918651) (R -30.517213 5.884543) (R -31.423098 2.938987) (R -31.051547 -0.006569) (R -30.679995 1.226948) (R -30.546462 1.226948) (R -30.219850 1.224831) (R -29.685516 1.221736) (R -29.151182 1.545231) (R -29.685516 1.868727) (R -30.219850 2.969949) (R -30.080021 2.969949) (R -29.747675 2.972674) (R -29.213341 2.976299) (R -28.613430 5.923149);
poly (R -31.314556 5.944334) (R 47.886810 5.607405) (R 48.465909 5.606876) (R 49.232788 5.315443) (R 49.999667 4.124299) (R 49.999667 3.224592) (R 49.811887 2.034567) (R 49.045008 0.843942) (R 48.278129 0.506495) (R 49.134715 0.507025) (R 50.294333 0.883424) (R 51.453952 2.411495) (R 51.453952 3.563171) (R 51.150919 5.090719) (R 49.991301 6.618791) (R -31.314556 5.944334);
poly (R -31.314556 5.944334) (R -31.315085 5.944336) (R -31.316143 5.944336) (R -31.317731 5.944336) (R -32.175690 5.944336) (R -33.340994 5.568745) (R -34.506299 4.040673) (R -34.506299 2.888193) (R -34.198953 1.360121) (R -33.033649 -0.167951) (R -33.033120 -0.167951) (R -33.032061 -0.167951) (R -33.030474 -0.167951) (R -33.028886 0.169496) (R -33.029416 0.169496) (R -33.030474 0.169496) (R -33.032061 0.169496) (R -33.612571 0.169496) (R -34.381000 0.459482) (R -35.149429 1.650107) (R -35.149429 2.550748) (R -34.961509 3.741892) (R -34.193080 4.933035) (R -34.192550 4.933035) (R -34.191492 4.933035) (R -34.189905 4.933035) (R -31.314556 5.944334);
poly (R -32.781781 5.888944) (R -35.056871 -67.733015) (R -37.331961 -68.065955) (R -36.384361 -68.398895) (R -35.436761 -71.011195) (R -35.061141 -73.623495) (R -34.685521 -71.011195) (R -33.733651 -68.398895) (R -32.781781 5.888944);
poly (R -37.509010 2.970356) (R -37.503692 2.957524) (R -37.491627 2.930653) (R -37.464756 2.903782) (R -37.111804 2.876911) (R -36.821384 3.799336) (R -36.179045 4.721760) (R -35.536705 5.045772) (R -36.076725 5.369783) (R -35.705687 6.539736) (R -35.680101 6.616537) (R -35.628640 6.778451) (R -35.555776 7.017195) (R -35.459659 7.255940) (R -35.363541 7.546362) (R -35.596086 7.836785) (R -35.664385 7.836785) (R -35.788382 7.798505) (R -35.929458 7.696185) (R -37.509010 2.970356);
poly (R -37.509010 2.970356) (R -37.517794 2.943485) (R -37.482139 2.916614) (R -37.496929 2.916614) (R -37.518493 2.930664) (R -37.545364 2.957535) (R -37.509010 2.970356);
poly (R -36.196428 5.889041) (R 38.123066 5.598619) (R 38.146323 5.308196) (R 38.167622 5.231398) (R 38.214885 5.069484) (R 38.287748 4.830740) (R 38.658784 3.660787) (R 38.191630 2.490833) (R 37.724477 2.166822) (R 38.293950 1.842811) (R 38.584373 0.920386) (R 38.972979 -0.002039) (R 38.025234 2.841197) (R 38.008142 2.905197) (R 37.935842 3.007517) (R 37.795282 3.109837) (R -36.196428 5.889041);
poly (R -38.889288 2.914545) (R 32.737346 3.230288) (R 32.520906 3.230349) (R 32.097924 3.230489) (R 31.522768 3.234114) (R 30.947611 4.326555) (R 31.522768 5.418996) (R 32.097924 5.705283) (R 31.522768 5.991570) (R 30.947611 6.981691) (R 31.519151 7.971812) (R 31.520739 7.971812) (R 31.522591 7.971283) (R 31.526215 7.970754) (R 31.529840 8.291146) (R 31.106314 8.291032) (R 30.454126 8.287116) (R 29.511548 8.253527) (R 28.568970 5.308487) (R 28.857191 5.282611) (R 29.417108 5.254467) (R 30.359686 5.225011) (R -38.889288 2.914545);
poly (R -38.889288 2.914545) (R -38.829916 2.914341) (R -38.751324 2.909685) (R -38.605078 2.905028) (R -37.930668 2.905028) (R -36.991707 3.066818) (R -36.052746 3.834729) (R -36.052746 4.304258) (R -36.202209 5.051331) (R -36.791322 5.836812) (R -37.380436 5.853852) (R -37.026156 5.887951) (R -36.526961 6.139760) (R -36.027767 6.814138) (R -36.027767 7.420259) (R -36.288249 8.188688) (R -37.270102 8.957118) (R -37.276214 8.957118) (R -37.283622 8.956589) (R -37.297063 8.956059) (R -37.310504 8.635667) (R -36.840656 8.635138) (R -36.208136 8.544548) (R -35.575615 8.054137) (R -35.575615 7.657167) (R -35.724956 7.162243) (R -36.301150 6.663048) (R -36.357477 6.163853) (R -36.413804 5.877566) (R -36.353342 5.591279) (R -35.871012 5.582283) (R -35.226090 5.454553) (R -34.581168 4.870094) (R -34.581168 4.451793) (R -34.734991 3.939163) (R -35.354074 3.426532) (R -35.973157 3.427062) (R -36.006571 3.427062) (R -36.060395 3.427591) (R -36.146697 3.428120) (R -38.889288 2.914545);
poly (R -41.558892 5.923149) (R 27.398139 5.602238) (R 27.436064 5.602405) (R 27.496627 5.602934) (R 27.596881 5.603463) (R 28.032260 5.603463) (R 28.612587 5.488354) (R 29.192913 4.942134) (R 29.192913 4.506755) (R 29.047967 3.951884) (R 28.467640 3.392745) (R -41.558892 78.951765) (R 27.398139 78.628269) (R 27.442030 78.628068) (R 27.507232 78.627539) (R 27.619886 78.627010) (R 27.816236 78.627010) (R 28.132148 78.541465) (R 28.524891 78.233990) (R 28.785339 77.312081) (R 29.186865 76.390172) (R 28.900578 77.320349) (R 28.836578 77.567917) (R 28.618939 77.952219) (R 28.256169 78.374931) (R 27.893399 78.396124) (R 28.281831 78.447323) (R 28.823917 78.728898) (R 29.366004 79.488541) (R 29.366004 80.150152) (R 29.097073 80.999714) (R 28.145195 81.849275) (R 28.094583 81.849275) (R 28.031350 81.845253) (R 27.922829 81.841126) (R -41.558892 5.923149);
poly (R -41.558892 5.923149) (R -41.937592 5.922090) (R -42.559088 5.918704) (R -43.466527 5.884596) (R -44.373966 2.939040) (R -44.002411 -0.006516) (R -43.630857 1.227001) (R -43.496832 1.227001) (R -43.169733 1.224884) (R -42.633849 1.221789) (R -42.097964 1.545284) (R -42.633849 1.868779) (R -43.169733 2.970002) (R -43.029499 2.970002) (R -42.696341 2.972727) (R -42.160456 2.976352) (R -41.558892 5.923149);
poly (R -43.187611 5.888944) (R -43.563241 -67.733015) (R -43.938871 -69.551375) (R -43.938871 -70.183115) (R -44.122411 -71.028275) (R -44.818171 -71.873435) (R -45.334651 -71.873435) (R -46.030401 -71.660015) (R -46.726151 -70.814855) (R -47.421901 -68.996495) (R -47.797531 -67.178135) (R -48.173161 -68.996495) (R -48.173161 -69.850195) (R -47.882901 -71.032565) (R -46.794441 -72.214935) (R -46.021851 -72.214935) (R -44.967541 -71.886265) (R -43.913231 -70.703895) (R -43.187611 5.888944);
poly (R -45.778901 5.888944) (R -48.053991 -67.733015) (R -50.329081 -68.065955) (R -49.381481 -68.398895) (R -48.433881 -71.011195) (R -48.058251 -73.623495) (R -47.682621 -71.011195) (R -46.730761 -68.398895) (R -45.778901 5.888944);
poly (R -48.674311 2.943704) (R -48.264541 -73.623495) (R -49.096891 -72.099655) (R -48.320031 -70.678255) (R -48.725541 -69.256855) (R -49.399951 -70.528855) (R -49.523741 -71.800855) (R -50.198151 -70.528855) (R -50.603661 -69.256855) (R -49.831071 -70.678255) (R -50.659151 -72.202095) (R -50.249371 -73.725935) (R -49.515201 -72.342955) (R -49.408491 -70.959975) (R -48.674311 2.943704);
poly (R -52.181051 3.255304) (R -52.356061 3.255304) (R -52.612171 3.340704) (R -52.868281 3.626694) (R -53.124391 4.433434) (R -51.852391 5.240174) (R -50.580391 5.543234) (R -51.852391 5.846294) (R -53.124391 6.486554) (R -53.124391 6.682904) (R -53.043291 6.964624) (R -52.787181 7.246344) (R -51.604821 7.528064) (R -51.587721 7.822594) (R -51.980421 7.848194) (R -52.821311 7.873794) (R -54.084781 7.899394) (R -54.430521 7.899394) (R -54.993951 7.703044) (R -55.561651 7.190824) (R -56.129351 5.261484) (R -56.125351 4.945614) (R -55.903391 4.433394) (R -55.335691 3.921174) (R -54.913111 3.921174) (R -54.042341 3.921174) (R -52.778871 3.946774) (R -52.795971 4.237034) (R -52.181051 3.255304);

